{"level":"info","message":"Marketplace API listening at <http://localhost>:3004","timestamp":"2024-08-19T14:34:51.998Z"}
{"level":"info","message":"Marketplace API listening at <http://localhost>:3004","timestamp":"2024-08-19T14:37:48.261Z"}
{"level":"info","message":"Marketplace API listening at <http://localhost>:3004","timestamp":"2024-08-19T14:38:26.318Z"}
{"level":"info","message":"Marketplace API listening at <http://localhost>:3004","timestamp":"2024-08-19T14:43:39.770Z"}
{"level":"info","message":"Marketplace API listening at <http://localhost>:3004","timestamp":"2024-08-19T14:46:02.417Z"}
{"level":"info","message":"Marketplace API listening at <http://localhost>:3004","timestamp":"2024-08-19T14:47:14.901Z"}
{"level":"info","message":"Marketplace API listening at <http://localhost>:3004","timestamp":"2024-08-19T14:49:32.300Z"}
{"level":"info","message":"Marketplace API listening at <http://localhost>:3004","timestamp":"2024-08-19T17:59:22.478Z"}
{"level":"info","message":"Marketplace API listening at <http://localhost>:3004","timestamp":"2024-08-19T18:02:07.868Z"}
{"level":"info","message":"Marketplace API listening at <http://localhost>:3004","timestamp":"2024-08-19T18:03:08.079Z"}
{"level":"info","message":"Marketplace API listening at <http://localhost>:3004","timestamp":"2024-08-19T18:04:53.820Z"}
{"level":"info","message":"Marketplace API listening at <http://localhost>:3004","timestamp":"2024-08-19T18:08:16.688Z"}
{"level":"info","message":"Marketplace API listening at <http://localhost>:3004","timestamp":"2024-08-19T18:09:16.288Z"}
{"level":"info","message":"Marketplace API listening at <http://localhost>:3004","timestamp":"2024-08-19T18:10:48.893Z"}
{"level":"info","message":"Marketplace API listening at <http://localhost>:3004","timestamp":"2024-08-25T14:18:41.642Z"}
{"level":"info","message":"Marketplace API listening at <http://localhost>:3004","timestamp":"2024-08-25T14:18:48.388Z"}
{"level":"info","message":"Marketplace API listening at <http://localhost>:3004","timestamp":"2024-08-25T14:19:35.191Z"}
{"level":"info","message":"Marketplace API listening at <http://localhost>:3004","timestamp":"2024-08-25T14:23:34.023Z"}
{"level":"info","message":"Marketplace API listening at <http://localhost>:3004","timestamp":"2024-08-25T14:23:36.831Z"}
{"level":"info","message":"Marketplace API listening at <http://localhost>:3004","timestamp":"2024-08-25T14:25:13.701Z"}
{"level":"info","message":"Marketplace API listening at <http://localhost>:3004","timestamp":"2024-08-25T14:25:51.293Z"}
{"level":"info","message":"Marketplace API listening at <http://localhost>:3004","timestamp":"2024-08-25T14:29:36.016Z"}
{"level":"info","message":"Marketplace API listening at <http://localhost>:3004","timestamp":"2024-08-25T14:30:14.936Z"}
{"level":"error","message":"Signup error: The password must be a string with at least 6 characters.","timestamp":"2024-08-25T14:30:17.157Z"}
{"level":"info","message":"Marketplace API listening at <http://localhost>:3004","timestamp":"2024-08-25T14:30:30.111Z"}
{"level":"error","message":"Cannot read properties of undefined (reading 'generateMTOKENS')","timestamp":"2024-08-25T14:30:34.847Z"}
{"level":"info","message":"Marketplace API listening at <http://localhost>:3004","timestamp":"2024-08-25T14:31:09.560Z"}
{"level":"error","message":"Signup error: The email address is already in use by another account.","timestamp":"2024-08-25T14:31:13.307Z"}
{"level":"info","message":"Marketplace API listening at <http://localhost>:3004","timestamp":"2024-08-25T14:32:42.716Z"}
{"level":"info","message":"Marketplace API listening at <http://localhost>:3004","timestamp":"2024-08-25T14:33:11.984Z"}
{"level":"error","message":"Do not know how to serialize a BigInt","timestamp":"2024-08-25T14:33:15.923Z"}
{"level":"info","message":"Marketplace API listening at <http://localhost>:3004","timestamp":"2024-08-25T14:34:22.334Z"}
{"level":"error","message":"Do not know how to serialize a BigInt","timestamp":"2024-08-25T14:34:25.506Z"}
{"level":"info","message":"Marketplace API listening at <http://localhost>:3004","timestamp":"2024-08-25T14:35:17.698Z"}
{"level":"error","message":"Do not know how to serialize a BigInt","timestamp":"2024-08-25T14:35:21.425Z"}
{"level":"info","message":"Marketplace API listening at <http://localhost>:3004","timestamp":"2024-08-25T14:35:36.357Z"}
{"level":"info","message":"Marketplace API listening at <http://localhost>:3004","timestamp":"2024-08-25T14:35:53.519Z"}
{"level":"info","message":"Marketplace API listening at <http://localhost>:3004","timestamp":"2024-08-25T14:36:11.458Z"}
{"level":"info","message":"Marketplace API listening at <http://localhost>:3004","timestamp":"2024-08-25T14:36:27.159Z"}
{"level":"info","message":"Marketplace API listening at <http://localhost>:3004","timestamp":"2024-08-25T14:37:28.711Z"}
{"level":"info","message":"fetching balance for 0xF636ab4c3C893d973edD4bBC14B2052edD14426D","timestamp":"2024-08-25T14:37:32.877Z"}
{"level":"info","message":"user MTOKEN balance: 1000","timestamp":"2024-08-25T14:37:32.890Z"}
{"level":"info","message":"Marketplace API listening at <http://localhost>:3004","timestamp":"2024-08-25T14:37:55.293Z"}
{"level":"info","message":"fetching balance for 0xF636ab4c3C893d973edD4bBC14B2052edD14426D","timestamp":"2024-08-25T14:37:57.743Z"}
{"level":"info","message":"user MTOKEN balance: 1000","timestamp":"2024-08-25T14:37:57.756Z"}
{"level":"error","message":"Do not know how to serialize a BigInt","timestamp":"2024-08-25T14:37:57.756Z"}
{"level":"info","message":"Marketplace API listening at <http://localhost>:3004","timestamp":"2024-08-25T14:38:15.336Z"}
{"level":"info","message":"fetching balance for 0xF636ab4c3C893d973edD4bBC14B2052edD14426D","timestamp":"2024-08-25T14:38:17.510Z"}
{"level":"info","message":"user MTOKEN balance: 1000","timestamp":"2024-08-25T14:38:17.521Z"}
{"level":"info","message":"Marketplace API listening at <http://localhost>:3004","timestamp":"2024-09-01T15:34:57.925Z"}
{"level":"info","message":"Marketplace API listening at <http://localhost>:3004","timestamp":"2024-09-01T15:35:40.301Z"}
{"level":"info","message":"Marketplace API listening at <http://localhost>:3004","timestamp":"2024-09-01T15:52:25.527Z"}
{"level":"info","message":"Marketplace API listening at <http://localhost>:3004","timestamp":"2024-09-01T15:53:17.948Z"}
{"level":"info","message":"Marketplace API listening at <http://localhost>:3004","timestamp":"2024-09-01T15:55:40.637Z"}
{"level":"info","message":"Marketplace API listening at <http://localhost>:3004","timestamp":"2024-09-01T16:00:52.299Z"}
{"level":"info","message":"Marketplace API listening at <http://localhost>:3004","timestamp":"2024-09-01T16:01:28.819Z"}
{"level":"info","message":"Marketplace API listening at <http://localhost>:3004","timestamp":"2024-09-01T16:02:07.407Z"}
{"level":"info","message":"Marketplace API listening at <http://localhost>:3004","timestamp":"2024-09-01T16:05:28.737Z"}
{"level":"info","message":"Marketplace API listening at <http://localhost>:3004","timestamp":"2024-09-01T16:21:20.035Z"}
{"level":"info","message":"Marketplace API listening at <http://localhost>:3004","timestamp":"2024-09-01T16:24:36.712Z"}
{"level":"info","message":"Marketplace API listening at <http://localhost>:3004","timestamp":"2024-09-01T16:25:26.911Z"}
{"level":"info","message":"Marketplace API listening at <http://localhost>:3004","timestamp":"2024-09-01T16:35:00.368Z"}
{"level":"info","message":"Marketplace API listening at <http://localhost>:3004","timestamp":"2024-09-01T16:37:17.882Z"}
{"level":"info","message":"Marketplace API listening at <http://localhost>:3004","timestamp":"2024-09-01T16:51:34.810Z"}
{"level":"info","message":"Marketplace API listening at <http://localhost>:3004","timestamp":"2024-09-03T06:26:21.781Z"}
{"level":"info","message":"Marketplace API listening at <http://localhost>:3004","timestamp":"2024-09-03T06:27:12.961Z"}
{"level":"info","message":"Marketplace API listening at <http://localhost>:3004","timestamp":"2024-09-03T06:27:47.936Z"}
{"level":"error","message":"ipfsClient.add is not a function","timestamp":"2024-09-03T06:31:02.115Z"}
{"level":"info","message":"Marketplace API listening at <http://localhost>:3004","timestamp":"2024-09-03T06:34:07.704Z"}
{"level":"error","message":"Cannot read properties of undefined (reading 'add')","timestamp":"2024-09-03T06:34:15.016Z"}
{"level":"info","message":"Marketplace API listening at <http://localhost>:3004","timestamp":"2024-09-03T06:37:23.681Z"}
{"level":"info","message":"Marketplace API listening at <http://localhost>:3004","timestamp":"2024-09-03T06:39:12.317Z"}
{"level":"error","message":"Web3 validator found 1 error[s]:\nvalue at \"/1\" is required","timestamp":"2024-09-03T06:39:16.556Z"}
{"level":"info","message":"Marketplace API listening at <http://localhost>:3004","timestamp":"2024-09-03T06:40:50.027Z"}
{"level":"info","message":"Marketplace API listening at <http://localhost>:3004","timestamp":"2024-09-03T06:41:03.245Z"}
{"level":"info","message":"asset added to ipfs with cid: bafkreiffo34znm3sfmaousfxiyl2pfxpu2tw56frj76uggjeep3qkg6v4i","timestamp":"2024-09-03T06:41:10.384Z"}
{"level":"error","message":"Web3 validator found 1 error[s]:\nvalue \"{\"/\":\"bafkreiffo34znm3sfmaousfxiyl2pfxpu2tw56frj76uggjeep3qkg6v4i\"}\" at \"/1\" must pass \"string\" validation","timestamp":"2024-09-03T06:41:10.385Z"}
{"level":"info","message":"Marketplace API listening at <http://localhost>:3004","timestamp":"2024-09-03T06:42:38.370Z"}
{"level":"info","message":"asset added to ipfs with cid: bafkreiffo34znm3sfmaousfxiyl2pfxpu2tw56frj76uggjeep3qkg6v4i","timestamp":"2024-09-03T06:42:42.572Z"}
{"level":"error","message":"request to http://127.0.0.1:8545/ failed, reason: connect ECONNREFUSED 127.0.0.1:8545","timestamp":"2024-09-03T06:42:42.590Z"}
{"level":"info","message":"asset added to ipfs with cid: bafkreiffo34znm3sfmaousfxiyl2pfxpu2tw56frj76uggjeep3qkg6v4i","timestamp":"2024-09-03T06:43:59.920Z"}
{"level":"error","message":"Returned error: Unknown account 0xF636ab4c3C893d973edD4bBC14B2052edD14426D","timestamp":"2024-09-03T06:43:59.990Z"}
